compose-routing/build/outputs/mapping/release/seeds.txt
it.vfsfitvnm.compose.routing.R
it.vfsfitvnm.compose.routing.R: R()