compose-routing/build/outputs/mapping/release/usage.txt
it.vfsfitvnm.compose.routing.GlobalRouteKt$OnGlobalRoute$1
it.vfsfitvnm.compose.routing.GlobalRouteKt$OnGlobalRoute$2
it.vfsfitvnm.compose.routing.GlobalRouteKt$sam$kotlinx_coroutines_flow_FlowCollector$0
it.vfsfitvnm.compose.routing.GlobalRouteKt
it.vfsfitvnm.compose.routing.Route$Saver
it.vfsfitvnm.compose.routing.Route0$invoke$1
it.vfsfitvnm.compose.routing.Route0
it.vfsfitvnm.compose.routing.Route1$ensureGlobal$$inlined$filter$1$2$1
it.vfsfitvnm.compose.routing.Route1$ensureGlobal$$inlined$filter$1$2
it.vfsfitvnm.compose.routing.Route1$ensureGlobal$$inlined$filter$1
it.vfsfitvnm.compose.routing.Route1$ensureGlobal$1
it.vfsfitvnm.compose.routing.Route1$invoke$1
it.vfsfitvnm.compose.routing.Route1
it.vfsfitvnm.compose.routing.Route2$invoke$1
it.vfsfitvnm.compose.routing.Route2
it.vfsfitvnm.compose.routing.Route
it.vfsfitvnm.compose.routing.RouteHandlerKt$RouteHandler$1
it.vfsfitvnm.compose.routing.RouteHandlerKt$RouteHandler$2$1
it.vfsfitvnm.compose.routing.RouteHandlerKt$RouteHandler$3
it.vfsfitvnm.compose.routing.RouteHandlerKt$RouteHandler$4
it.vfsfitvnm.compose.routing.RouteHandlerKt$RouteHandler$5
it.vfsfitvnm.compose.routing.RouteHandlerKt$RouteHandler$6$1
it.vfsfitvnm.compose.routing.RouteHandlerKt$RouteHandler$7
it.vfsfitvnm.compose.routing.RouteHandlerKt$RouteHandler$8
it.vfsfitvnm.compose.routing.RouteHandlerKt$RouteHandler$9
it.vfsfitvnm.compose.routing.RouteHandlerKt$RouteHandler$parameters$1
it.vfsfitvnm.compose.routing.RouteHandlerKt$RouteHandler$route$2
it.vfsfitvnm.compose.routing.RouteHandlerKt$RouteHandler$scope$1$1
it.vfsfitvnm.compose.routing.RouteHandlerKt
it.vfsfitvnm.compose.routing.RouteHandlerScope
it.vfsfitvnm.compose.routing.TransitionsKt